# JRE version: Java(TM) SE Runtime Environment (8.0_191-b12) (build 1.8.0_191-b12)
# Java VM: Java HotSpot(TM) 64-Bit Server VM (25.191-b12 mixed mode windows-amd64 compressed oops)
Heap:
 PSYoungGen      total 242688K, used 45036K [0x0000000716a00000, 0x000000072fd00000, 0x00000007c0000000)
  eden space 221184K, 20% used [0x0000000716a00000,0x00000007195fb120,0x0000000724200000)
  from space 21504K, 0% used [0x0000000724200000,0x0000000724200000,0x0000000725700000)
  to   space 15872K, 0% used [0x000000072ed80000,0x000000072ed80000,0x000000072fd00000)
 ParOldGen       total 230400K, used 16739K [0x00000005c3e00000, 0x00000005d1f00000, 0x0000000716a00000)
  object space 230400K, 7% used [0x00000005c3e00000,0x00000005c4e58e68,0x00000005d1f00000)
 Metaspace       used 39492K, capacity 42302K, committed 42544K, reserved 1085440K
  class space    used 5434K, capacity 5924K, committed 5936K, reserved 1048576K
GC Heap History (10 events):
Event: 1.175 GC heap before
{Heap before GC invocations=3 (full 1):
 PSYoungGen      total 152576K, used 6199K [0x0000000716a00000, 0x0000000729400000, 0x00000007c0000000)
  eden space 131072K, 0% used [0x0000000716a00000,0x0000000716a00000,0x000000071ea00000)
  from space 21504K, 28% used [0x000000071ff00000,0x000000072050de58,0x0000000721400000)
  to   space 21504K, 0% used [0x000000071ea00000,0x000000071ea00000,0x000000071ff00000)
 ParOldGen       total 348160K, used 32K [0x00000005c3e00000, 0x00000005d9200000, 0x0000000716a00000)
  object space 348160K, 0% used [0x00000005c3e00000,0x00000005c3e08000,0x00000005d9200000)
 Metaspace       used 19726K, capacity 21242K, committed 21296K, reserved 1067008K
  class space    used 2561K, capacity 2841K, committed 2864K, reserved 1048576K
Event: 1.189 GC heap after
Heap after GC invocations=3 (full 1):
 PSYoungGen      total 152576K, used 0K [0x0000000716a00000, 0x0000000729400000, 0x00000007c0000000)
  eden space 131072K, 0% used [0x0000000716a00000,0x0000000716a00000,0x000000071ea00000)
  from space 21504K, 0% used [0x000000071ff00000,0x000000071ff00000,0x0000000721400000)
  to   space 21504K, 0% used [0x000000071ea00000,0x000000071ea00000,0x000000071ff00000)
 ParOldGen       total 165888K, used 5890K [0x00000005c3e00000, 0x00000005ce000000, 0x0000000716a00000)
  object space 165888K, 3% used [0x00000005c3e00000,0x00000005c43c09d8,0x00000005ce000000)
 Metaspace       used 19726K, capacity 21242K, committed 21296K, reserved 1067008K
  class space    used 2561K, capacity 2841K, committed 2864K, reserved 1048576K
}
Event: 1.811 GC heap before
{Heap before GC invocations=4 (full 1):
 PSYoungGen      total 152576K, used 131072K [0x0000000716a00000, 0x0000000729400000, 0x00000007c0000000)
  eden space 131072K, 100% used [0x0000000716a00000,0x000000071ea00000,0x000000071ea00000)
  from space 21504K, 0% used [0x000000071ff00000,0x000000071ff00000,0x0000000721400000)
  to   space 21504K, 0% used [0x000000071ea00000,0x000000071ea00000,0x000000071ff00000)
 ParOldGen       total 165888K, used 5890K [0x00000005c3e00000, 0x00000005ce000000, 0x0000000716a00000)
  object space 165888K, 3% used [0x00000005c3e00000,0x00000005c43c09d8,0x00000005ce000000)
 Metaspace       used 27679K, capacity 29812K, committed 30000K, reserved 1075200K
  class space    used 3647K, capacity 4030K, committed 4144K, reserved 1048576K
Event: 1.814 GC heap after
Heap after GC invocations=4 (full 1):
 PSYoungGen      total 152576K, used 11403K [0x0000000716a00000, 0x0000000727000000, 0x00000007c0000000)
  eden space 131072K, 0% used [0x0000000716a00000,0x0000000716a00000,0x000000071ea00000)
  from space 21504K, 53% used [0x000000071ea00000,0x000000071f522d70,0x000000071ff00000)
  to   space 21504K, 0% used [0x0000000725b00000,0x0000000725b00000,0x0000000727000000)
 ParOldGen       total 165888K, used 5898K [0x00000005c3e00000, 0x00000005ce000000, 0x0000000716a00000)
  object space 165888K, 3% used [0x00000005c3e00000,0x00000005c43c29d8,0x00000005ce000000)
 Metaspace       used 27679K, capacity 29812K, committed 30000K, reserved 1075200K
  class space    used 3647K, capacity 4030K, committed 4144K, reserved 1048576K
}
Event: 2.387 GC heap before
{Heap before GC invocations=5 (full 1):
 PSYoungGen      total 152576K, used 142475K [0x0000000716a00000, 0x0000000727000000, 0x00000007c0000000)
  eden space 131072K, 100% used [0x0000000716a00000,0x000000071ea00000,0x000000071ea00000)
  from space 21504K, 53% used [0x000000071ea00000,0x000000071f522d70,0x000000071ff00000)
  to   space 21504K, 0% used [0x0000000725b00000,0x0000000725b00000,0x0000000727000000)
 ParOldGen       total 165888K, used 5898K [0x00000005c3e00000, 0x00000005ce000000, 0x0000000716a00000)
  object space 165888K, 3% used [0x00000005c3e00000,0x00000005c43c29d8,0x00000005ce000000)
 Metaspace       used 31843K, capacity 34638K, committed 34992K, reserved 1079296K
  class space    used 4216K, capacity 4693K, committed 4784K, reserved 1048576K
Event: 2.395 GC heap after
Heap after GC invocations=5 (full 1):
 PSYoungGen      total 238592K, used 12992K [0x0000000716a00000, 0x0000000726c00000, 0x00000007c0000000)
  eden space 221184K, 0% used [0x0000000716a00000,0x0000000716a00000,0x0000000724200000)
  from space 17408K, 74% used [0x0000000725b00000,0x00000007267b03c8,0x0000000726c00000)
  to   space 21504K, 0% used [0x0000000724200000,0x0000000724200000,0x0000000725700000)
 ParOldGen       total 165888K, used 5906K [0x00000005c3e00000, 0x00000005ce000000, 0x0000000716a00000)
  object space 165888K, 3% used [0x00000005c3e00000,0x00000005c43c49d8,0x00000005ce000000)
 Metaspace       used 31843K, capacity 34638K, committed 34992K, reserved 1079296K
  class space    used 4216K, capacity 4693K, committed 4784K, reserved 1048576K
}
Event: 2.476 GC heap before
{Heap before GC invocations=6 (full 1):
 PSYoungGen      total 238592K, used 47406K [0x0000000716a00000, 0x0000000726c00000, 0x00000007c0000000)
  eden space 221184K, 15% used [0x0000000716a00000,0x0000000718b9b5d8,0x0000000724200000)
  from space 17408K, 74% used [0x0000000725b00000,0x00000007267b03c8,0x0000000726c00000)
  to   space 21504K, 0% used [0x0000000724200000,0x0000000724200000,0x0000000725700000)
 ParOldGen       total 165888K, used 5906K [0x00000005c3e00000, 0x00000005ce000000, 0x0000000716a00000)
  object space 165888K, 3% used [0x00000005c3e00000,0x00000005c43c49d8,0x00000005ce000000)
 Metaspace       used 32587K, capacity 35316K, committed 35496K, reserved 1079296K
  class space    used 4310K, capacity 4790K, committed 4912K, reserved 1048576K
Event: 2.481 GC heap after
Heap after GC invocations=6 (full 1):
 PSYoungGen      total 242688K, used 12100K [0x0000000716a00000, 0x000000072fd00000, 0x00000007c0000000)
  eden space 221184K, 0% used [0x0000000716a00000,0x0000000716a00000,0x0000000724200000)
  from space 21504K, 56% used [0x0000000724200000,0x0000000724dd1040,0x0000000725700000)
  to   space 15872K, 0% used [0x000000072ed80000,0x000000072ed80000,0x000000072fd00000)
 ParOldGen       total 165888K, used 5914K [0x00000005c3e00000, 0x00000005ce000000, 0x0000000716a00000)
  object space 165888K, 3% used [0x00000005c3e00000,0x00000005c43c69d8,0x00000005ce000000)
 Metaspace       used 32587K, capacity 35316K, committed 35496K, reserved 1079296K
  class space    used 4310K, capacity 4790K, committed 4912K, reserved 1048576K
}
Event: 2.481 GC heap before
{Heap before GC invocations=7 (full 2):
 PSYoungGen      total 242688K, used 12100K [0x0000000716a00000, 0x000000072fd00000, 0x00000007c0000000)
  eden space 221184K, 0% used [0x0000000716a00000,0x0000000716a00000,0x0000000724200000)
  from space 21504K, 56% used [0x0000000724200000,0x0000000724dd1040,0x0000000725700000)
  to   space 15872K, 0% used [0x000000072ed80000,0x000000072ed80000,0x000000072fd00000)
 ParOldGen       total 165888K, used 5914K [0x00000005c3e00000, 0x00000005ce000000, 0x0000000716a00000)
  object space 165888K, 3% used [0x00000005c3e00000,0x00000005c43c69d8,0x00000005ce000000)
 Metaspace       used 32587K, capacity 35316K, committed 35496K, reserved 1079296K
  class space    used 4310K, capacity 4790K, committed 4912K, reserved 1048576K
Event: 2.506 GC heap after
Heap after GC invocations=7 (full 2):
 PSYoungGen      total 242688K, used 0K [0x0000000716a00000, 0x000000072fd00000, 0x00000007c0000000)
  eden space 221184K, 0% used [0x0000000716a00000,0x0000000716a00000,0x0000000724200000)
  from space 21504K, 0% used [0x0000000724200000,0x0000000724200000,0x0000000725700000)
  to   space 15872K, 0% used [0x000000072ed80000,0x000000072ed80000,0x000000072fd00000)
 ParOldGen       total 230400K, used 16739K [0x00000005c3e00000, 0x00000005d1f00000, 0x0000000716a00000)
  object space 230400K, 7% used [0x00000005c3e00000,0x00000005c4e58e68,0x00000005d1f00000)
 Metaspace       used 32587K, capacity 35316K, committed 35496K, reserved 1079296K
  class space    used 4310K, capacity 4790K, committed 4912K, reserved 1048576K
}

