# JRE version: Java(TM) SE Runtime Environment (8.0_191-b12) (build 1.8.0_191-b12)
# Java VM: Java HotSpot(TM) 64-Bit Server VM (25.191-b12 mixed mode windows-amd64 compressed oops)
Heap:
 PSYoungGen      total 239104K, used 44517K [0x0000000716a00000, 0x000000072ee80000, 0x00000007c0000000)
  eden space 217600K, 20% used [0x0000000716a00000,0x00000007195796d8,0x0000000723e80000)
  from space 21504K, 0% used [0x0000000723e80000,0x0000000723e80000,0x0000000725380000)
  to   space 15872K, 0% used [0x000000072df00000,0x000000072df00000,0x000000072ee80000)
 ParOldGen       total 237056K, used 16732K [0x00000005c3e00000, 0x00000005d2580000, 0x0000000716a00000)
  object space 237056K, 7% used [0x00000005c3e00000,0x00000005c4e57160,0x00000005d2580000)
 Metaspace       used 39484K, capacity 42302K, committed 42544K, reserved 1085440K
  class space    used 5425K, capacity 5924K, committed 5936K, reserved 1048576K
GC Heap History (10 events):
Event: 0.895 GC heap before
{Heap before GC invocations=3 (full 1):
 PSYoungGen      total 152576K, used 6137K [0x0000000716a00000, 0x0000000729400000, 0x00000007c0000000)
  eden space 131072K, 0% used [0x0000000716a00000,0x0000000716a00000,0x000000071ea00000)
  from space 21504K, 28% used [0x000000071ff00000,0x00000007204fe530,0x0000000721400000)
  to   space 21504K, 0% used [0x000000071ea00000,0x000000071ea00000,0x000000071ff00000)
 ParOldGen       total 348160K, used 43K [0x00000005c3e00000, 0x00000005d9200000, 0x0000000716a00000)
  object space 348160K, 0% used [0x00000005c3e00000,0x00000005c3e0af78,0x00000005d9200000)
 Metaspace       used 19702K, capacity 21174K, committed 21296K, reserved 1067008K
  class space    used 2562K, capacity 2841K, committed 2864K, reserved 1048576K
Event: 0.910 GC heap after
Heap after GC invocations=3 (full 1):
 PSYoungGen      total 152576K, used 0K [0x0000000716a00000, 0x0000000729400000, 0x00000007c0000000)
  eden space 131072K, 0% used [0x0000000716a00000,0x0000000716a00000,0x000000071ea00000)
  from space 21504K, 0% used [0x000000071ff00000,0x000000071ff00000,0x0000000721400000)
  to   space 21504K, 0% used [0x000000071ea00000,0x000000071ea00000,0x000000071ff00000)
 ParOldGen       total 168448K, used 5832K [0x00000005c3e00000, 0x00000005ce280000, 0x0000000716a00000)
  object space 168448K, 3% used [0x00000005c3e00000,0x00000005c43b2058,0x00000005ce280000)
 Metaspace       used 19702K, capacity 21174K, committed 21296K, reserved 1067008K
  class space    used 2562K, capacity 2841K, committed 2864K, reserved 1048576K
}
Event: 1.431 GC heap before
{Heap before GC invocations=4 (full 1):
 PSYoungGen      total 152576K, used 131072K [0x0000000716a00000, 0x0000000729400000, 0x00000007c0000000)
  eden space 131072K, 100% used [0x0000000716a00000,0x000000071ea00000,0x000000071ea00000)
  from space 21504K, 0% used [0x000000071ff00000,0x000000071ff00000,0x0000000721400000)
  to   space 21504K, 0% used [0x000000071ea00000,0x000000071ea00000,0x000000071ff00000)
 ParOldGen       total 168448K, used 5843K [0x00000005c3e00000, 0x00000005ce280000, 0x0000000716a00000)
  object space 168448K, 3% used [0x00000005c3e00000,0x00000005c43b4c10,0x00000005ce280000)
 Metaspace       used 27640K, capacity 29738K, committed 30000K, reserved 1075200K
  class space    used 3648K, capacity 4029K, committed 4144K, reserved 1048576K
Event: 1.435 GC heap after
Heap after GC invocations=4 (full 1):
 PSYoungGen      total 152576K, used 11336K [0x0000000716a00000, 0x0000000726d80000, 0x00000007c0000000)
  eden space 131072K, 0% used [0x0000000716a00000,0x0000000716a00000,0x000000071ea00000)
  from space 21504K, 52% used [0x000000071ea00000,0x000000071f512340,0x000000071ff00000)
  to   space 21504K, 0% used [0x0000000725880000,0x0000000725880000,0x0000000726d80000)
 ParOldGen       total 168448K, used 5851K [0x00000005c3e00000, 0x00000005ce280000, 0x0000000716a00000)
  object space 168448K, 3% used [0x00000005c3e00000,0x00000005c43b6c10,0x00000005ce280000)
 Metaspace       used 27640K, capacity 29738K, committed 30000K, reserved 1075200K
  class space    used 3648K, capacity 4029K, committed 4144K, reserved 1048576K
}
Event: 1.968 GC heap before
{Heap before GC invocations=5 (full 1):
 PSYoungGen      total 152576K, used 142408K [0x0000000716a00000, 0x0000000726d80000, 0x00000007c0000000)
  eden space 131072K, 100% used [0x0000000716a00000,0x000000071ea00000,0x000000071ea00000)
  from space 21504K, 52% used [0x000000071ea00000,0x000000071f512340,0x000000071ff00000)
  to   space 21504K, 0% used [0x0000000725880000,0x0000000725880000,0x0000000726d80000)
 ParOldGen       total 168448K, used 5851K [0x00000005c3e00000, 0x00000005ce280000, 0x0000000716a00000)
  object space 168448K, 3% used [0x00000005c3e00000,0x00000005c43b6c10,0x00000005ce280000)
 Metaspace       used 31838K, capacity 34638K, committed 34992K, reserved 1079296K
  class space    used 4216K, capacity 4693K, committed 4784K, reserved 1048576K
Event: 1.975 GC heap after
Heap after GC invocations=5 (full 1):
 PSYoungGen      total 233984K, used 12864K [0x0000000716a00000, 0x0000000726880000, 0x00000007c0000000)
  eden space 217600K, 0% used [0x0000000716a00000,0x0000000716a00000,0x0000000723e80000)
  from space 16384K, 78% used [0x0000000725880000,0x0000000726510010,0x0000000726880000)
  to   space 21504K, 0% used [0x0000000723e80000,0x0000000723e80000,0x0000000725380000)
 ParOldGen       total 168448K, used 5859K [0x00000005c3e00000, 0x00000005ce280000, 0x0000000716a00000)
  object space 168448K, 3% used [0x00000005c3e00000,0x00000005c43b8c10,0x00000005ce280000)
 Metaspace       used 31838K, capacity 34638K, committed 34992K, reserved 1079296K
  class space    used 4216K, capacity 4693K, committed 4784K, reserved 1048576K
}
Event: 2.061 GC heap before
{Heap before GC invocations=6 (full 1):
 PSYoungGen      total 233984K, used 47687K [0x0000000716a00000, 0x0000000726880000, 0x00000007c0000000)
  eden space 217600K, 16% used [0x0000000716a00000,0x0000000718c01c18,0x0000000723e80000)
  from space 16384K, 78% used [0x0000000725880000,0x0000000726510010,0x0000000726880000)
  to   space 21504K, 0% used [0x0000000723e80000,0x0000000723e80000,0x0000000725380000)
 ParOldGen       total 168448K, used 5859K [0x00000005c3e00000, 0x00000005ce280000, 0x0000000716a00000)
  object space 168448K, 3% used [0x00000005c3e00000,0x00000005c43b8c10,0x00000005ce280000)
 Metaspace       used 32598K, capacity 35316K, committed 35496K, reserved 1079296K
  class space    used 4317K, capacity 4790K, committed 4912K, reserved 1048576K
Event: 2.066 GC heap after
Heap after GC invocations=6 (full 1):
 PSYoungGen      total 239104K, used 12133K [0x0000000716a00000, 0x000000072ee80000, 0x00000007c0000000)
  eden space 217600K, 0% used [0x0000000716a00000,0x0000000716a00000,0x0000000723e80000)
  from space 21504K, 56% used [0x0000000723e80000,0x0000000724a59708,0x0000000725380000)
  to   space 15872K, 0% used [0x000000072df00000,0x000000072df00000,0x000000072ee80000)
 ParOldGen       total 168448K, used 5867K [0x00000005c3e00000, 0x00000005ce280000, 0x0000000716a00000)
  object space 168448K, 3% used [0x00000005c3e00000,0x00000005c43bac10,0x00000005ce280000)
 Metaspace       used 32598K, capacity 35316K, committed 35496K, reserved 1079296K
  class space    used 4317K, capacity 4790K, committed 4912K, reserved 1048576K
}
Event: 2.066 GC heap before
{Heap before GC invocations=7 (full 2):
 PSYoungGen      total 239104K, used 12133K [0x0000000716a00000, 0x000000072ee80000, 0x00000007c0000000)
  eden space 217600K, 0% used [0x0000000716a00000,0x0000000716a00000,0x0000000723e80000)
  from space 21504K, 56% used [0x0000000723e80000,0x0000000724a59708,0x0000000725380000)
  to   space 15872K, 0% used [0x000000072df00000,0x000000072df00000,0x000000072ee80000)
 ParOldGen       total 168448K, used 5867K [0x00000005c3e00000, 0x00000005ce280000, 0x0000000716a00000)
  object space 168448K, 3% used [0x00000005c3e00000,0x00000005c43bac10,0x00000005ce280000)
 Metaspace       used 32598K, capacity 35316K, committed 35496K, reserved 1079296K
  class space    used 4317K, capacity 4790K, committed 4912K, reserved 1048576K
Event: 2.091 GC heap after
Heap after GC invocations=7 (full 2):
 PSYoungGen      total 239104K, used 0K [0x0000000716a00000, 0x000000072ee80000, 0x00000007c0000000)
  eden space 217600K, 0% used [0x0000000716a00000,0x0000000716a00000,0x0000000723e80000)
  from space 21504K, 0% used [0x0000000723e80000,0x0000000723e80000,0x0000000725380000)
  to   space 15872K, 0% used [0x000000072df00000,0x000000072df00000,0x000000072ee80000)
 ParOldGen       total 237056K, used 16732K [0x00000005c3e00000, 0x00000005d2580000, 0x0000000716a00000)
  object space 237056K, 7% used [0x00000005c3e00000,0x00000005c4e57160,0x00000005d2580000)
 Metaspace       used 32598K, capacity 35316K, committed 35496K, reserved 1079296K
  class space    used 4317K, capacity 4790K, committed 4912K, reserved 1048576K
}

