# JRE version: Java(TM) SE Runtime Environment (8.0_191-b12) (build 1.8.0_191-b12)
# Java VM: Java HotSpot(TM) 64-Bit Server VM (25.191-b12 mixed mode windows-amd64 compressed oops)
Heap:
 PSYoungGen      total 240640K, used 44407K [0x0000000716a00000, 0x000000072f280000, 0x00000007c0000000)
  eden space 219136K, 20% used [0x0000000716a00000,0x000000071955dea0,0x0000000724000000)
  from space 21504K, 0% used [0x0000000724000000,0x0000000724000000,0x0000000725500000)
  to   space 16384K, 0% used [0x000000072e280000,0x000000072e280000,0x000000072f280000)
 ParOldGen       total 235008K, used 16729K [0x00000005c3e00000, 0x00000005d2380000, 0x0000000716a00000)
  object space 235008K, 7% used [0x00000005c3e00000,0x00000005c4e56550,0x00000005d2380000)
 Metaspace       used 39478K, capacity 42252K, committed 42624K, reserved 1085440K
  class space    used 5418K, capacity 5913K, committed 6016K, reserved 1048576K
GC Heap History (10 events):
Event: 0.914 GC heap before
{Heap before GC invocations=3 (full 1):
 PSYoungGen      total 152576K, used 5955K [0x0000000716a00000, 0x0000000729400000, 0x00000007c0000000)
  eden space 131072K, 0% used [0x0000000716a00000,0x0000000716a00000,0x000000071ea00000)
  from space 21504K, 27% used [0x000000071ff00000,0x00000007204d0ed0,0x0000000721400000)
  to   space 21504K, 0% used [0x000000071ea00000,0x000000071ea00000,0x000000071ff00000)
 ParOldGen       total 348160K, used 32K [0x00000005c3e00000, 0x00000005d9200000, 0x0000000716a00000)
  object space 348160K, 0% used [0x00000005c3e00000,0x00000005c3e08000,0x00000005d9200000)
 Metaspace       used 19693K, capacity 21156K, committed 21296K, reserved 1067008K
  class space    used 2557K, capacity 2862K, committed 2944K, reserved 1048576K
Event: 0.929 GC heap after
Heap after GC invocations=3 (full 1):
 PSYoungGen      total 152576K, used 0K [0x0000000716a00000, 0x0000000729400000, 0x00000007c0000000)
  eden space 131072K, 0% used [0x0000000716a00000,0x0000000716a00000,0x000000071ea00000)
  from space 21504K, 0% used [0x000000071ff00000,0x000000071ff00000,0x0000000721400000)
  to   space 21504K, 0% used [0x000000071ea00000,0x000000071ea00000,0x000000071ff00000)
 ParOldGen       total 166912K, used 5681K [0x00000005c3e00000, 0x00000005ce100000, 0x0000000716a00000)
  object space 166912K, 3% used [0x00000005c3e00000,0x00000005c438c7a0,0x00000005ce100000)
 Metaspace       used 19693K, capacity 21156K, committed 21296K, reserved 1067008K
  class space    used 2557K, capacity 2862K, committed 2944K, reserved 1048576K
}
Event: 1.462 GC heap before
{Heap before GC invocations=4 (full 1):
 PSYoungGen      total 152576K, used 131072K [0x0000000716a00000, 0x0000000729400000, 0x00000007c0000000)
  eden space 131072K, 100% used [0x0000000716a00000,0x000000071ea00000,0x000000071ea00000)
  from space 21504K, 0% used [0x000000071ff00000,0x000000071ff00000,0x0000000721400000)
  to   space 21504K, 0% used [0x000000071ea00000,0x000000071ea00000,0x000000071ff00000)
 ParOldGen       total 166912K, used 5681K [0x00000005c3e00000, 0x00000005ce100000, 0x0000000716a00000)
  object space 166912K, 3% used [0x00000005c3e00000,0x00000005c438c7a0,0x00000005ce100000)
 Metaspace       used 27627K, capacity 29688K, committed 29952K, reserved 1075200K
  class space    used 3637K, capacity 4018K, committed 4096K, reserved 1048576K
Event: 1.465 GC heap after
Heap after GC invocations=4 (full 1):
 PSYoungGen      total 152576K, used 11270K [0x0000000716a00000, 0x0000000726f00000, 0x00000007c0000000)
  eden space 131072K, 0% used [0x0000000716a00000,0x0000000716a00000,0x000000071ea00000)
  from space 21504K, 52% used [0x000000071ea00000,0x000000071f501800,0x000000071ff00000)
  to   space 21504K, 0% used [0x0000000725a00000,0x0000000725a00000,0x0000000726f00000)
 ParOldGen       total 166912K, used 5689K [0x00000005c3e00000, 0x00000005ce100000, 0x0000000716a00000)
  object space 166912K, 3% used [0x00000005c3e00000,0x00000005c438e7a0,0x00000005ce100000)
 Metaspace       used 27627K, capacity 29688K, committed 29952K, reserved 1075200K
  class space    used 3637K, capacity 4018K, committed 4096K, reserved 1048576K
}
Event: 2.022 GC heap before
{Heap before GC invocations=5 (full 1):
 PSYoungGen      total 152576K, used 142342K [0x0000000716a00000, 0x0000000726f00000, 0x00000007c0000000)
  eden space 131072K, 100% used [0x0000000716a00000,0x000000071ea00000,0x000000071ea00000)
  from space 21504K, 52% used [0x000000071ea00000,0x000000071f501800,0x000000071ff00000)
  to   space 21504K, 0% used [0x0000000725a00000,0x0000000725a00000,0x0000000726f00000)
 ParOldGen       total 166912K, used 5689K [0x00000005c3e00000, 0x00000005ce100000, 0x0000000716a00000)
  object space 166912K, 3% used [0x00000005c3e00000,0x00000005c438e7a0,0x00000005ce100000)
 Metaspace       used 31839K, capacity 34588K, committed 34688K, reserved 1079296K
  class space    used 4208K, capacity 4682K, committed 4736K, reserved 1048576K
Event: 2.029 GC heap after
Heap after GC invocations=5 (full 1):
 PSYoungGen      total 235520K, used 12965K [0x0000000716a00000, 0x0000000726a00000, 0x00000007c0000000)
  eden space 219136K, 0% used [0x0000000716a00000,0x0000000716a00000,0x0000000724000000)
  from space 16384K, 79% used [0x0000000725a00000,0x00000007266a96d8,0x0000000726a00000)
  to   space 21504K, 0% used [0x0000000724000000,0x0000000724000000,0x0000000725500000)
 ParOldGen       total 166912K, used 5697K [0x00000005c3e00000, 0x00000005ce100000, 0x0000000716a00000)
  object space 166912K, 3% used [0x00000005c3e00000,0x00000005c43907a0,0x00000005ce100000)
 Metaspace       used 31839K, capacity 34588K, committed 34688K, reserved 1079296K
  class space    used 4208K, capacity 4682K, committed 4736K, reserved 1048576K
}
Event: 2.132 GC heap before
{Heap before GC invocations=6 (full 1):
 PSYoungGen      total 235520K, used 47792K [0x0000000716a00000, 0x0000000726a00000, 0x00000007c0000000)
  eden space 219136K, 15% used [0x0000000716a00000,0x0000000718c02948,0x0000000724000000)
  from space 16384K, 79% used [0x0000000725a00000,0x00000007266a96d8,0x0000000726a00000)
  to   space 21504K, 0% used [0x0000000724000000,0x0000000724000000,0x0000000725500000)
 ParOldGen       total 166912K, used 5697K [0x00000005c3e00000, 0x00000005ce100000, 0x0000000716a00000)
  object space 166912K, 3% used [0x00000005c3e00000,0x00000005c43907a0,0x00000005ce100000)
 Metaspace       used 32680K, capacity 35426K, committed 35496K, reserved 1079296K
  class space    used 4321K, capacity 4811K, committed 4864K, reserved 1048576K
Event: 2.137 GC heap after
Heap after GC invocations=6 (full 1):
 PSYoungGen      total 240640K, used 12180K [0x0000000716a00000, 0x000000072f280000, 0x00000007c0000000)
  eden space 219136K, 0% used [0x0000000716a00000,0x0000000716a00000,0x0000000724000000)
  from space 21504K, 56% used [0x0000000724000000,0x0000000724be5050,0x0000000725500000)
  to   space 16384K, 0% used [0x000000072e280000,0x000000072e280000,0x000000072f280000)
 ParOldGen       total 166912K, used 5705K [0x00000005c3e00000, 0x00000005ce100000, 0x0000000716a00000)
  object space 166912K, 3% used [0x00000005c3e00000,0x00000005c43927a0,0x00000005ce100000)
 Metaspace       used 32680K, capacity 35426K, committed 35496K, reserved 1079296K
  class space    used 4321K, capacity 4811K, committed 4864K, reserved 1048576K
}
Event: 2.137 GC heap before
{Heap before GC invocations=7 (full 2):
 PSYoungGen      total 240640K, used 12180K [0x0000000716a00000, 0x000000072f280000, 0x00000007c0000000)
  eden space 219136K, 0% used [0x0000000716a00000,0x0000000716a00000,0x0000000724000000)
  from space 21504K, 56% used [0x0000000724000000,0x0000000724be5050,0x0000000725500000)
  to   space 16384K, 0% used [0x000000072e280000,0x000000072e280000,0x000000072f280000)
 ParOldGen       total 166912K, used 5705K [0x00000005c3e00000, 0x00000005ce100000, 0x0000000716a00000)
  object space 166912K, 3% used [0x00000005c3e00000,0x00000005c43927a0,0x00000005ce100000)
 Metaspace       used 32680K, capacity 35426K, committed 35496K, reserved 1079296K
  class space    used 4321K, capacity 4811K, committed 4864K, reserved 1048576K
Event: 2.163 GC heap after
Heap after GC invocations=7 (full 2):
 PSYoungGen      total 240640K, used 0K [0x0000000716a00000, 0x000000072f280000, 0x00000007c0000000)
  eden space 219136K, 0% used [0x0000000716a00000,0x0000000716a00000,0x0000000724000000)
  from space 21504K, 0% used [0x0000000724000000,0x0000000724000000,0x0000000725500000)
  to   space 16384K, 0% used [0x000000072e280000,0x000000072e280000,0x000000072f280000)
 ParOldGen       total 235008K, used 16729K [0x00000005c3e00000, 0x00000005d2380000, 0x0000000716a00000)
  object space 235008K, 7% used [0x00000005c3e00000,0x00000005c4e56550,0x00000005d2380000)
 Metaspace       used 32680K, capacity 35426K, committed 35496K, reserved 1079296K
  class space    used 4321K, capacity 4811K, committed 4864K, reserved 1048576K
}

